f:\erthanese.arc\documents\visual studio 2010\projects\ai_exp_8_num\ai_exp_8_num\release\state.obj
f:\erthanese.arc\documents\visual studio 2010\projects\ai_exp_8_num\ai_exp_8_num\release\8num.obj
f:\erthanese.arc\documents\visual studio 2010\projects\ai_exp_8_num\ai_exp_8_num\release\vc100.pdb
i:\erthanese.arc\documents\visual studio 2010\projects\ai_exp_8_num\ai_exp_8_num\release\state.obj
i:\erthanese.arc\documents\visual studio 2010\projects\ai_exp_8_num\ai_exp_8_num\release\8num.obj
i:\erthanese.arc\documents\visual studio 2010\projects\ai_exp_8_num\ai_exp_8_num\release\vc100.pdb
f:\erthanese.arc\documents\visual studio 2010\projects\ai_exp_8_num\release\ai_exp_8_num.exe
f:\erthanese.arc\documents\visual studio 2010\projects\ai_exp_8_num\ai_exp_8_num\release\ai_exp_8_num.exe.intermediate.manifest
f:\erthanese.arc\documents\visual studio 2010\projects\ai_exp_8_num\release\ai_exp_8_num.pdb
i:\erthanese.arc\documents\visual studio 2010\projects\ai_exp_8_num\release\ai_exp_8_num.exe
i:\erthanese.arc\documents\visual studio 2010\projects\ai_exp_8_num\ai_exp_8_num\release\ai_exp_8_num.exe.intermediate.manifest
i:\erthanese.arc\documents\visual studio 2010\projects\ai_exp_8_num\release\ai_exp_8_num.pdb
g:\erthanese.arc\projects\ai_exp_8_num\ai_exp_8_num\release\ai_exp_8_num.vcxprojresolveassemblyreference.cache
g:\erthanese.arc\projects\ai_exp_8_num\ai_exp_8_num\release\8num.obj
g:\erthanese.arc\projects\ai_exp_8_num\ai_exp_8_num\release\state.obj
g:\erthanese.arc\projects\ai_exp_8_num\ai_exp_8_num\release\ai_exp_8_num.write.1.tlog
g:\erthanese.arc\projects\ai_exp_8_num\ai_exp_8_num\release\cl.command.1.tlog
g:\erthanese.arc\projects\ai_exp_8_num\ai_exp_8_num\release\cl.read.1.tlog
g:\erthanese.arc\projects\ai_exp_8_num\ai_exp_8_num\release\cl.write.1.tlog
g:\erthanese.arc\projects\ai_exp_8_num\ai_exp_8_num\release\link.command.1.tlog
g:\erthanese.arc\projects\ai_exp_8_num\ai_exp_8_num\release\link.read.1.tlog
g:\erthanese.arc\projects\ai_exp_8_num\ai_exp_8_num\release\link.write.1.tlog
g:\erthanese.arc\projects\ai_exp_8_num\ai_exp_8_num\release\mt.command.1.tlog
g:\erthanese.arc\projects\ai_exp_8_num\ai_exp_8_num\release\mt.read.1.tlog
g:\erthanese.arc\projects\ai_exp_8_num\ai_exp_8_num\release\mt.write.1.tlog
g:\erthanese.arc\projects\ai_exp_8_num\ai_exp_8_num\release\ai_exp_8_num.exe.intermediate.manifest
g:\erthanese.arc\projects\ai_exp_8_num\ai_exp_8_num\release\vc100.pdb
g:\erthanese.arc\projects\ai_exp_8_num\release\ai_exp_8_num.pdb
g:\erthanese.arc\projects\ai_exp_8_num\release\ai_exp_8_num.exe
